This is pdfTeX, Version 3.1415926-2.5-1.40.14 (MiKTeX 2.9 64-bit) (preloaded format=pdflatex 2014.10.6)  14 JUL 2016 17:37
entering extended mode
**F:/ÂäûÂÖ¨ËµÑÊñô/GSI/Report/ÊØï‰∏öËÆ∫ÊñáÊùêÊñô/Disputation*-*Jbai/PhD-thesis/m
ain.tex

("F:/ÂäûÂÖ¨ËµÑÊñô/GSI/Report/ÊØï‰∏öËÆ∫ÊñáÊùêÊñô/Disputation - Jbai/PhD-thesis/m
ain.tex"
LaTeX2e <2011/06/27>
Babel <v3.8m> and hyphenation patterns for english, afrikaans, ancientgreek, ar
abic, armenian, assamese, basque, bengali, bokmal, bulgarian, catalan, coptic, 
croatian, czech, danish, dutch, esperanto, estonian, farsi, finnish, french, ga
lician, german, german-x-2013-05-26, greek, gujarati, hindi, hungarian, iceland
ic, indonesian, interlingua, irish, italian, kannada, kurmanji, latin, latvian,
 lithuanian, malayalam, marathi, mongolian, mongolianlmc, monogreek, ngerman, n
german-x-2013-05-26, nynorsk, oriya, panjabi, pinyin, polish, portuguese, roman
ian, russian, sanskrit, serbian, slovak, slovenian, spanish, swedish, swissgerm
an, tamil, telugu, turkish, turkmen, ukenglish, ukrainian, uppersorbian, usengl
ishmax, welsh, loaded.
("D:\Program Files\MiKTeX 2.9\tex\latex\base\report.cls"
Document Class: report 2007/10/19 v1.4h Standard LaTeX document class
("D:\Program Files\MiKTeX 2.9\tex\latex\base\size12.clo"
File: size12.clo 2007/10/19 v1.4h Standard LaTeX file (size option)
)
\c@part=\count79
\c@chapter=\count80
\c@section=\count81
\c@subsection=\count82
\c@subsubsection=\count83
\c@paragraph=\count84
\c@subparagraph=\count85
\c@figure=\count86
\c@table=\count87
\abovecaptionskip=\skip41
\belowcaptionskip=\skip42
\bibindent=\dimen102
)
("D:\Program Files\MiKTeX 2.9\tex\latex\base\inputenc.sty"
Package: inputenc 2008/03/30 v1.1d Input encoding file
\inpenc@prehook=\toks14
\inpenc@posthook=\toks15

("D:\Program Files\MiKTeX 2.9\tex\latex\base\utf8.def"
File: utf8.def 2008/04/05 v1.1m UTF-8 support for inputenc
Now handling font encoding OML ...
... no UTF-8 mapping file for font encoding OML
Now handling font encoding T1 ...
... processing UTF-8 mapping file for font encoding T1

("D:\Program Files\MiKTeX 2.9\tex\latex\base\t1enc.dfu"
File: t1enc.dfu 2008/04/05 v1.1m UTF-8 support for inputenc
   defining Unicode char U+00A1 (decimal 161)
   defining Unicode char U+00A3 (decimal 163)
   defining Unicode char U+00AB (decimal 171)
   defining Unicode char U+00BB (decimal 187)
   defining Unicode char U+00BF (decimal 191)
   defining Unicode char U+00C0 (decimal 192)
   defining Unicode char U+00C1 (decimal 193)
   defining Unicode char U+00C2 (decimal 194)
   defining Unicode char U+00C3 (decimal 195)
   defining Unicode char U+00C4 (decimal 196)
   defining Unicode char U+00C5 (decimal 197)
   defining Unicode char U+00C6 (decimal 198)
   defining Unicode char U+00C7 (decimal 199)
   defining Unicode char U+00C8 (decimal 200)
   defining Unicode char U+00C9 (decimal 201)
   defining Unicode char U+00CA (decimal 202)
   defining Unicode char U+00CB (decimal 203)
   defining Unicode char U+00CC (decimal 204)
   defining Unicode char U+00CD (decimal 205)
   defining Unicode char U+00CE (decimal 206)
   defining Unicode char U+00CF (decimal 207)
   defining Unicode char U+00D0 (decimal 208)
   defining Unicode char U+00D1 (decimal 209)
   defining Unicode char U+00D2 (decimal 210)
   defining Unicode char U+00D3 (decimal 211)
   defining Unicode char U+00D4 (decimal 212)
   defining Unicode char U+00D5 (decimal 213)
   defining Unicode char U+00D6 (decimal 214)
   defining Unicode char U+00D8 (decimal 216)
   defining Unicode char U+00D9 (decimal 217)
   defining Unicode char U+00DA (decimal 218)
   defining Unicode char U+00DB (decimal 219)
   defining Unicode char U+00DC (decimal 220)
   defining Unicode char U+00DD (decimal 221)
   defining Unicode char U+00DE (decimal 222)
   defining Unicode char U+00DF (decimal 223)
   defining Unicode char U+00E0 (decimal 224)
   defining Unicode char U+00E1 (decimal 225)
   defining Unicode char U+00E2 (decimal 226)
   defining Unicode char U+00E3 (decimal 227)
   defining Unicode char U+00E4 (decimal 228)
   defining Unicode char U+00E5 (decimal 229)
   defining Unicode char U+00E6 (decimal 230)
   defining Unicode char U+00E7 (decimal 231)
   defining Unicode char U+00E8 (decimal 232)
   defining Unicode char U+00E9 (decimal 233)
   defining Unicode char U+00EA (decimal 234)
   defining Unicode char U+00EB (decimal 235)
   defining Unicode char U+00EC (decimal 236)
   defining Unicode char U+00ED (decimal 237)
   defining Unicode char U+00EE (decimal 238)
   defining Unicode char U+00EF (decimal 239)
   defining Unicode char U+00F0 (decimal 240)
   defining Unicode char U+00F1 (decimal 241)
   defining Unicode char U+00F2 (decimal 242)
   defining Unicode char U+00F3 (decimal 243)
   defining Unicode char U+00F4 (decimal 244)
   defining Unicode char U+00F5 (decimal 245)
   defining Unicode char U+00F6 (decimal 246)
   defining Unicode char U+00F8 (decimal 248)
   defining Unicode char U+00F9 (decimal 249)
   defining Unicode char U+00FA (decimal 250)
   defining Unicode char U+00FB (decimal 251)
   defining Unicode char U+00FC (decimal 252)
   defining Unicode char U+00FD (decimal 253)
   defining Unicode char U+00FE (decimal 254)
   defining Unicode char U+00FF (decimal 255)
   defining Unicode char U+0102 (decimal 258)
   defining Unicode char U+0103 (decimal 259)
   defining Unicode char U+0104 (decimal 260)
   defining Unicode char U+0105 (decimal 261)
   defining Unicode char U+0106 (decimal 262)
   defining Unicode char U+0107 (decimal 263)
   defining Unicode char U+010C (decimal 268)
   defining Unicode char U+010D (decimal 269)
   defining Unicode char U+010E (decimal 270)
   defining Unicode char U+010F (decimal 271)
   defining Unicode char U+0110 (decimal 272)
   defining Unicode char U+0111 (decimal 273)
   defining Unicode char U+0118 (decimal 280)
   defining Unicode char U+0119 (decimal 281)
   defining Unicode char U+011A (decimal 282)
   defining Unicode char U+011B (decimal 283)
   defining Unicode char U+011E (decimal 286)
   defining Unicode char U+011F (decimal 287)
   defining Unicode char U+0130 (decimal 304)
   defining Unicode char U+0131 (decimal 305)
   defining Unicode char U+0132 (decimal 306)
   defining Unicode char U+0133 (decimal 307)
   defining Unicode char U+0139 (decimal 313)
   defining Unicode char U+013A (decimal 314)
   defining Unicode char U+013D (decimal 317)
   defining Unicode char U+013E (decimal 318)
   defining Unicode char U+0141 (decimal 321)
   defining Unicode char U+0142 (decimal 322)
   defining Unicode char U+0143 (decimal 323)
   defining Unicode char U+0144 (decimal 324)
   defining Unicode char U+0147 (decimal 327)
   defining Unicode char U+0148 (decimal 328)
   defining Unicode char U+014A (decimal 330)
   defining Unicode char U+014B (decimal 331)
   defining Unicode char U+0150 (decimal 336)
   defining Unicode char U+0151 (decimal 337)
   defining Unicode char U+0152 (decimal 338)
   defining Unicode char U+0153 (decimal 339)
   defining Unicode char U+0154 (decimal 340)
   defining Unicode char U+0155 (decimal 341)
   defining Unicode char U+0158 (decimal 344)
   defining Unicode char U+0159 (decimal 345)
   defining Unicode char U+015A (decimal 346)
   defining Unicode char U+015B (decimal 347)
   defining Unicode char U+015E (decimal 350)
   defining Unicode char U+015F (decimal 351)
   defining Unicode char U+0160 (decimal 352)
   defining Unicode char U+0161 (decimal 353)
   defining Unicode char U+0162 (decimal 354)
   defining Unicode char U+0163 (decimal 355)
   defining Unicode char U+0164 (decimal 356)
   defining Unicode char U+0165 (decimal 357)
   defining Unicode char U+016E (decimal 366)
   defining Unicode char U+016F (decimal 367)
   defining Unicode char U+0170 (decimal 368)
   defining Unicode char U+0171 (decimal 369)
   defining Unicode char U+0178 (decimal 376)
   defining Unicode char U+0179 (decimal 377)
   defining Unicode char U+017A (decimal 378)
   defining Unicode char U+017B (decimal 379)
   defining Unicode char U+017C (decimal 380)
   defining Unicode char U+017D (decimal 381)
   defining Unicode char U+017E (decimal 382)
   defining Unicode char U+200C (decimal 8204)
   defining Unicode char U+2013 (decimal 8211)
   defining Unicode char U+2014 (decimal 8212)
   defining Unicode char U+2018 (decimal 8216)
   defining Unicode char U+2019 (decimal 8217)
   defining Unicode char U+201A (decimal 8218)
   defining Unicode char U+201C (decimal 8220)
   defining Unicode char U+201D (decimal 8221)
   defining Unicode char U+201E (decimal 8222)
   defining Unicode char U+2030 (decimal 8240)
   defining Unicode char U+2031 (decimal 8241)
   defining Unicode char U+2039 (decimal 8249)
   defining Unicode char U+203A (decimal 8250)
   defining Unicode char U+2423 (decimal 9251)
)
Now handling font encoding OT1 ...
... processing UTF-8 mapping file for font encoding OT1

("D:\Program Files\MiKTeX 2.9\tex\latex\base\ot1enc.dfu"
File: ot1enc.dfu 2008/04/05 v1.1m UTF-8 support for inputenc
   defining Unicode char U+00A1 (decimal 161)
   defining Unicode char U+00A3 (decimal 163)
   defining Unicode char U+00B8 (decimal 184)
   defining Unicode char U+00BF (decimal 191)
   defining Unicode char U+00C5 (decimal 197)
   defining Unicode char U+00C6 (decimal 198)
   defining Unicode char U+00D8 (decimal 216)
   defining Unicode char U+00DF (decimal 223)
   defining Unicode char U+00E6 (decimal 230)
   defining Unicode char U+00EC (decimal 236)
   defining Unicode char U+00ED (decimal 237)
   defining Unicode char U+00EE (decimal 238)
   defining Unicode char U+00EF (decimal 239)
   defining Unicode char U+00F8 (decimal 248)
   defining Unicode char U+0131 (decimal 305)
   defining Unicode char U+0141 (decimal 321)
   defining Unicode char U+0142 (decimal 322)
   defining Unicode char U+0152 (decimal 338)
   defining Unicode char U+0153 (decimal 339)
   defining Unicode char U+2013 (decimal 8211)
   defining Unicode char U+2014 (decimal 8212)
   defining Unicode char U+2018 (decimal 8216)
   defining Unicode char U+2019 (decimal 8217)
   defining Unicode char U+201C (decimal 8220)
   defining Unicode char U+201D (decimal 8221)
)
Now handling font encoding OMS ...
... processing UTF-8 mapping file for font encoding OMS

("D:\Program Files\MiKTeX 2.9\tex\latex\base\omsenc.dfu"
File: omsenc.dfu 2008/04/05 v1.1m UTF-8 support for inputenc
   defining Unicode char U+00A7 (decimal 167)
   defining Unicode char U+00B6 (decimal 182)
   defining Unicode char U+00B7 (decimal 183)
   defining Unicode char U+2020 (decimal 8224)
   defining Unicode char U+2021 (decimal 8225)
   defining Unicode char U+2022 (decimal 8226)
)
Now handling font encoding OMX ...
... no UTF-8 mapping file for font encoding OMX
Now handling font encoding U ...
... no UTF-8 mapping file for font encoding U
   defining Unicode char U+00A9 (decimal 169)
   defining Unicode char U+00AA (decimal 170)
   defining Unicode char U+00AE (decimal 174)
   defining Unicode char U+00BA (decimal 186)
   defining Unicode char U+02C6 (decimal 710)
   defining Unicode char U+02DC (decimal 732)
   defining Unicode char U+200C (decimal 8204)
   defining Unicode char U+2026 (decimal 8230)
   defining Unicode char U+2122 (decimal 8482)
   defining Unicode char U+2423 (decimal 9251)
))
("D:\Program Files\MiKTeX 2.9\tex\latex\graphics\graphicx.sty"
Package: graphicx 1999/02/16 v1.0f Enhanced LaTeX Graphics (DPC,SPQR)

("D:\Program Files\MiKTeX 2.9\tex\latex\graphics\keyval.sty"
Package: keyval 1999/03/16 v1.13 key=value parser (DPC)
\KV@toks@=\toks16
)
("D:\Program Files\MiKTeX 2.9\tex\latex\graphics\graphics.sty"
Package: graphics 2009/02/05 v1.0o Standard LaTeX Graphics (DPC,SPQR)

("D:\Program Files\MiKTeX 2.9\tex\latex\graphics\trig.sty"
Package: trig 1999/03/16 v1.09 sin cos tan (DPC)
)
("D:\Program Files\MiKTeX 2.9\tex\latex\00miktex\graphics.cfg"
File: graphics.cfg 2007/01/18 v1.5 graphics configuration of teTeX/TeXLive
)
Package graphics Info: Driver file: pdftex.def on input line 91.

("D:\Program Files\MiKTeX 2.9\tex\latex\pdftex-def\pdftex.def"
File: pdftex.def 2011/05/27 v0.06d Graphics/color for pdfTeX

("D:\Program Files\MiKTeX 2.9\tex\generic\oberdiek\infwarerr.sty"
Package: infwarerr 2010/04/08 v1.3 Providing info/warning/error messages (HO)
)
("D:\Program Files\MiKTeX 2.9\tex\generic\oberdiek\ltxcmds.sty"
Package: ltxcmds 2011/11/09 v1.22 LaTeX kernel commands for general use (HO)
)
\Gread@gobject=\count88
))
\Gin@req@height=\dimen103
\Gin@req@width=\dimen104
)
(C:\Users\Gilgil\AppData\Roaming\MiKTeX\2.9\tex\latex\german\ngerman.sty
v2.5e 1998-07-08
Package: ngerman 1998/07/08 v2.5e Support for writing german texts (br)
\grmnU@D=\dimen105
ngerman -- \language number for naustrian undefined, default 43 used.
) ("D:\Program Files\MiKTeX 2.9\tex\latex\geometry\geometry.sty"
Package: geometry 2010/09/12 v5.6 Page Geometry
 ("D:\Program Files\MiKTeX 2.9\tex\generic\oberdiek\ifpdf.sty"
Package: ifpdf 2011/01/30 v2.3 Provides the ifpdf switch (HO)
Package ifpdf Info: pdfTeX in PDF mode is detected.
)
("D:\Program Files\MiKTeX 2.9\tex\generic\oberdiek\ifvtex.sty"
Package: ifvtex 2010/03/01 v1.5 Detect VTeX and its facilities (HO)
Package ifvtex Info: VTeX not detected.
)
("D:\Program Files\MiKTeX 2.9\tex\generic\ifxetex\ifxetex.sty"
Package: ifxetex 2010/09/12 v0.6 Provides ifxetex conditional
)
\Gm@cnth=\count89
\Gm@cntv=\count90
\c@Gm@tempcnt=\count91
\Gm@bindingoffset=\dimen106
\Gm@wd@mp=\dimen107
\Gm@odd@mp=\dimen108
\Gm@even@mp=\dimen109
\Gm@layoutwidth=\dimen110
\Gm@layoutheight=\dimen111
\Gm@layouthoffset=\dimen112
\Gm@layoutvoffset=\dimen113
\Gm@dimlist=\toks17

("D:\Program Files\MiKTeX 2.9\tex\latex\geometry\geometry.cfg"))
(C:\Users\Gilgil\AppData\Roaming\MiKTeX\2.9\tex\latex\fancyhdr\fancyhdr.sty
\fancy@headwidth=\skip43
\f@ncyO@elh=\skip44
\f@ncyO@erh=\skip45
\f@ncyO@olh=\skip46
\f@ncyO@orh=\skip47
\f@ncyO@elf=\skip48
\f@ncyO@erf=\skip49
\f@ncyO@olf=\skip50
\f@ncyO@orf=\skip51
)
(C:\Users\Gilgil\AppData\Roaming\MiKTeX\2.9\tex\latex\titlesec\titlesec.sty
Package: titlesec 2011/12/15 v2.10.0 Sectioning titles
\ttl@box=\box26
\beforetitleunit=\skip52
\aftertitleunit=\skip53
\ttl@plus=\dimen114
\ttl@minus=\dimen115
\ttl@toksa=\toks18
\titlewidth=\dimen116
\titlewidthlast=\dimen117
\titlewidthfirst=\dimen118
)
("D:\Program Files\MiKTeX 2.9\tex\latex\hyperref\hyperref.sty"
Package: hyperref 2012/11/06 v6.83m Hypertext links for LaTeX

("D:\Program Files\MiKTeX 2.9\tex\generic\oberdiek\hobsub-hyperref.sty"
Package: hobsub-hyperref 2012/04/25 v1.12 Bundle oberdiek, subset hyperref (HO)


("D:\Program Files\MiKTeX 2.9\tex\generic\oberdiek\hobsub-generic.sty"
Package: hobsub-generic 2012/04/25 v1.12 Bundle oberdiek, subset generic (HO)
Package: hobsub 2012/04/25 v1.12 Construct package bundles (HO)
Package hobsub Info: Skipping package `infwarerr' (already loaded).
Package hobsub Info: Skipping package `ltxcmds' (already loaded).
Package: ifluatex 2010/03/01 v1.3 Provides the ifluatex switch (HO)
Package ifluatex Info: LuaTeX not detected.
Package hobsub Info: Skipping package `ifvtex' (already loaded).
Package: intcalc 2007/09/27 v1.1 Expandable calculations with integers (HO)
Package hobsub Info: Skipping package `ifpdf' (already loaded).
Package: etexcmds 2011/02/16 v1.5 Avoid name clashes with e-TeX commands (HO)
Package etexcmds Info: Could not find \expanded.
(etexcmds)             That can mean that you are not using pdfTeX 1.50 or
(etexcmds)             that some package has redefined \expanded.
(etexcmds)             In the latter case, load this package earlier.
Package: kvsetkeys 2012/04/25 v1.16 Key value parser (HO)
Package: kvdefinekeys 2011/04/07 v1.3 Define keys (HO)
Package: pdftexcmds 2011/11/29 v0.20 Utility functions of pdfTeX for LuaTeX (HO
)
Package pdftexcmds Info: LuaTeX not detected.
Package pdftexcmds Info: \pdf@primitive is available.
Package pdftexcmds Info: \pdf@ifprimitive is available.
Package pdftexcmds Info: \pdfdraftmode found.
Package: pdfescape 2011/11/25 v1.13 Implements pdfTeX's escape features (HO)
Package: bigintcalc 2012/04/08 v1.3 Expandable calculations on big integers (HO
)
Package: bitset 2011/01/30 v1.1 Handle bit-vector datatype (HO)
Package: uniquecounter 2011/01/30 v1.2 Provide unlimited unique counter (HO)
)
Package hobsub Info: Skipping package `hobsub' (already loaded).
Package: letltxmacro 2010/09/02 v1.4 Let assignment for LaTeX macros (HO)
Package: hopatch 2011/06/24 v1.1 Wrapper for package hooks (HO)
Package: xcolor-patch 2011/01/30 xcolor patch
Package: atveryend 2011/06/30 v1.8 Hooks at the very end of document (HO)
Package atveryend Info: \enddocument detected (standard20110627).
Package: atbegshi 2011/10/05 v1.16 At begin shipout hook (HO)
Package: refcount 2011/10/16 v3.4 Data extraction from label references (HO)
Package: hycolor 2011/01/30 v1.7 Color options for hyperref/bookmark (HO)
)
("D:\Program Files\MiKTeX 2.9\tex\latex\oberdiek\auxhook.sty"
Package: auxhook 2011/03/04 v1.3 Hooks for auxiliary files (HO)
)
("D:\Program Files\MiKTeX 2.9\tex\latex\oberdiek\kvoptions.sty"
Package: kvoptions 2011/06/30 v3.11 Key value format for package options (HO)
)
\@linkdim=\dimen119
\Hy@linkcounter=\count92
\Hy@pagecounter=\count93

("D:\Program Files\MiKTeX 2.9\tex\latex\hyperref\pd1enc.def"
File: pd1enc.def 2012/11/06 v6.83m Hyperref: PDFDocEncoding definition (HO)
Now handling font encoding PD1 ...
... no UTF-8 mapping file for font encoding PD1
)
\Hy@SavedSpaceFactor=\count94

("D:\Program Files\MiKTeX 2.9\tex\latex\00miktex\hyperref.cfg"
File: hyperref.cfg 2002/06/06 v1.2 hyperref configuration of TeXLive
)
Package hyperref Info: Hyper figures OFF on input line 4443.
Package hyperref Info: Link nesting OFF on input line 4448.
Package hyperref Info: Hyper index ON on input line 4451.
Package hyperref Info: Plain pages OFF on input line 4458.
Package hyperref Info: Backreferencing OFF on input line 4463.
Package hyperref Info: Implicit mode ON; LaTeX internals redefined.
Package hyperref Info: Bookmarks ON on input line 4688.
\c@Hy@tempcnt=\count95

(C:\Users\Gilgil\AppData\Roaming\MiKTeX\2.9\tex\latex\url\url.sty
\Urlmuskip=\muskip10
Package: url 2013/09/16  ver 3.4  Verb mode for urls, etc.
)
LaTeX Info: Redefining \url on input line 5041.
\XeTeXLinkMargin=\dimen120
\Fld@menulength=\count96
\Field@Width=\dimen121
\Fld@charsize=\dimen122
Package hyperref Info: Hyper figures OFF on input line 6295.
Package hyperref Info: Link nesting OFF on input line 6300.
Package hyperref Info: Hyper index ON on input line 6303.
Package hyperref Info: backreferencing OFF on input line 6310.
Package hyperref Info: Link coloring OFF on input line 6315.
Package hyperref Info: Link coloring with OCG OFF on input line 6320.
Package hyperref Info: PDF/A mode OFF on input line 6325.
LaTeX Info: Redefining \ref on input line 6365.
LaTeX Info: Redefining \pageref on input line 6369.
\Hy@abspage=\count97
\c@Item=\count98
\c@Hfootnote=\count99
)

Package hyperref Message: Driver (autodetected): hpdftex.

("D:\Program Files\MiKTeX 2.9\tex\latex\hyperref\hpdftex.def"
File: hpdftex.def 2012/11/06 v6.83m Hyperref driver for pdfTeX
\Fld@listcount=\count100
\c@bookmark@seq@number=\count101

("D:\Program Files\MiKTeX 2.9\tex\latex\oberdiek\rerunfilecheck.sty"
Package: rerunfilecheck 2011/04/15 v1.7 Rerun checks for auxiliary files (HO)
Package uniquecounter Info: New unique counter `rerunfilecheck' on input line 2
82.
)
\Hy@SectionHShift=\skip54
)
("D:\Program Files\MiKTeX 2.9\tex\latex\amsmath\amsmath.sty"
Package: amsmath 2013/01/14 v2.14 AMS math features
\@mathmargin=\skip55

For additional information on amsmath, use the `?' option.
("D:\Program Files\MiKTeX 2.9\tex\latex\amsmath\amstext.sty"
Package: amstext 2000/06/29 v2.01

("D:\Program Files\MiKTeX 2.9\tex\latex\amsmath\amsgen.sty"
File: amsgen.sty 1999/11/30 v2.0
\@emptytoks=\toks19
\ex@=\dimen123
))
("D:\Program Files\MiKTeX 2.9\tex\latex\amsmath\amsbsy.sty"
Package: amsbsy 1999/11/29 v1.2d
\pmbraise@=\dimen124
)
("D:\Program Files\MiKTeX 2.9\tex\latex\amsmath\amsopn.sty"
Package: amsopn 1999/12/14 v2.01 operator names
)
\inf@bad=\count102
LaTeX Info: Redefining \frac on input line 210.
\uproot@=\count103
\leftroot@=\count104
LaTeX Info: Redefining \overline on input line 306.
\classnum@=\count105
\DOTSCASE@=\count106
LaTeX Info: Redefining \ldots on input line 378.
LaTeX Info: Redefining \dots on input line 381.
LaTeX Info: Redefining \cdots on input line 466.
\Mathstrutbox@=\box27
\strutbox@=\box28
\big@size=\dimen125
LaTeX Font Info:    Redeclaring font encoding OML on input line 566.
LaTeX Font Info:    Redeclaring font encoding OMS on input line 567.
\macc@depth=\count107
\c@MaxMatrixCols=\count108
\dotsspace@=\muskip11
\c@parentequation=\count109
\dspbrk@lvl=\count110
\tag@help=\toks20
\row@=\count111
\column@=\count112
\maxfields@=\count113
\andhelp@=\toks21
\eqnshift@=\dimen126
\alignsep@=\dimen127
\tagshift@=\dimen128
\tagwidth@=\dimen129
\totwidth@=\dimen130
\lineht@=\dimen131
\@envbody=\toks22
\multlinegap=\skip56
\multlinetaggap=\skip57
\mathdisplay@stack=\toks23
LaTeX Info: Redefining \[ on input line 2665.
LaTeX Info: Redefining \] on input line 2666.
)
\c@subsubsubsection=\count114

("F:\ÂäûÂÖ¨ËµÑÊñô\GSI\Report\ÊØï‰∏öËÆ∫ÊñáÊùêÊñô\Disputation - Jbai\PhD-thesis\m
ain.aux"

LaTeX Warning: Label `eq:bucketsizeF' multiply defined.


LaTeX Warning: Label `eq:eq4' multiply defined.


LaTeX Warning: Label `eq:eq5' multiply defined.


LaTeX Warning: Label `SIS18_phase' multiply defined.


LaTeX Warning: Label `SIS100_phase' multiply defined.


LaTeX Warning: Label `beating_time' multiply defined.


LaTeX Warning: Label `beating_time' multiply defined.


LaTeX Warning: Label `beating_win_2' multiply defined.


LaTeX Warning: Label `kicker_SIS100' multiply defined.

)
LaTeX Font Info:    Checking defaults for OML/cmm/m/it on input line 52.
LaTeX Font Info:    ... okay on input line 52.
LaTeX Font Info:    Checking defaults for T1/cmr/m/n on input line 52.
LaTeX Font Info:    ... okay on input line 52.
LaTeX Font Info:    Checking defaults for OT1/cmr/m/n on input line 52.
LaTeX Font Info:    ... okay on input line 52.
LaTeX Font Info:    Checking defaults for OMS/cmsy/m/n on input line 52.
LaTeX Font Info:    ... okay on input line 52.
LaTeX Font Info:    Checking defaults for OMX/cmex/m/n on input line 52.
LaTeX Font Info:    ... okay on input line 52.
LaTeX Font Info:    Checking defaults for U/cmr/m/n on input line 52.
LaTeX Font Info:    ... okay on input line 52.
LaTeX Font Info:    Checking defaults for PD1/pdf/m/n on input line 52.
LaTeX Font Info:    ... okay on input line 52.
 (C:\Users\Gilgil\AppData\Roaming\MiKTeX\2.9\tex\context\base\supp-pdf.mkii
[Loading MPS to PDF converter (version 2006.09.02).]
\scratchcounter=\count115
\scratchdimen=\dimen132
\scratchbox=\box29
\nofMPsegments=\count116
\nofMParguments=\count117
\everyMPshowfont=\toks24
\MPscratchCnt=\count118
\MPscratchDim=\dimen133
\MPnumerator=\count119
\makeMPintoPDFobject=\count120
\everyMPtoPDFconversion=\toks25
)
*geometry* driver: auto-detecting
*geometry* detected driver: pdftex
*geometry* verbose mode - [ preamble ] result:
* driver: pdftex
* paper: a4paper
* layout: <same size as paper>
* layoutoffset:(h,v)=(0.0pt,0.0pt)
* modes: twoside 
* h-part:(L,W,R)=(68.28659pt, 426.79134pt, 102.42995pt)
* v-part:(T,H,B)=(71.13188pt, 702.78308pt, 71.13188pt)
* \paperwidth=597.50787pt
* \paperheight=845.04684pt
* \textwidth=426.79134pt
* \textheight=702.78308pt
* \oddsidemargin=-3.9834pt
* \evensidemargin=30.15996pt
* \topmargin=-38.1381pt
* \headheight=12.0pt
* \headsep=25.0pt
* \topskip=12.0pt
* \footskip=30.0pt
* \marginparwidth=95.0pt
* \marginparsep=10.0pt
* \columnsep=10.0pt
* \skip\footins=10.8pt plus 4.0pt minus 2.0pt
* \hoffset=0.0pt
* \voffset=0.0pt
* \mag=1000
* \@twocolumnfalse
* \@twosidetrue
* \@mparswitchtrue
* \@reversemarginfalse
* (1in=72.27pt=25.4mm, 1cm=28.453pt)

\AtBeginShipoutBox=\box30
Package hyperref Info: Link coloring OFF on input line 52.
("D:\Program Files\MiKTeX 2.9\tex\latex\hyperref\nameref.sty"
Package: nameref 2012/10/27 v2.43 Cross-referencing by name of section

("D:\Program Files\MiKTeX 2.9\tex\generic\oberdiek\gettitlestring.sty"
Package: gettitlestring 2010/12/03 v1.4 Cleanup title references (HO)
)
\c@section@level=\count121
)
LaTeX Info: Redefining \ref on input line 52.
LaTeX Info: Redefining \pageref on input line 52.
LaTeX Info: Redefining \nameref on input line 52.

("F:\ÂäûÂÖ¨ËµÑÊñô\GSI\Report\ÊØï‰∏öËÆ∫ÊñáÊùêÊñô\Disputation - Jbai\PhD-thesis\m
ain.out")
("F:\ÂäûÂÖ¨ËµÑÊñô\GSI\Report\ÊØï‰∏öËÆ∫ÊñáÊùêÊñô\Disputation - Jbai\PhD-thesis\m
ain.out")
\@outlinefile=\write3

("F:\ÂäûÂÖ¨ËµÑÊñô\GSI\Report\ÊØï‰∏öËÆ∫ÊñáÊùêÊñô\Disputation - Jbai\PhD-thesis\m
ain.toc" [1


{C:/Users/Gilgil/AppData/Local/MiKTeX/2.9/pdftex/config/pdftex.map}])
\tf@toc=\write4


Package Fancyhdr Warning: \headheight is too small (12.0pt): 
 Make it at least 14.49998pt.
 We now make it that large for the rest of the document.
 This may cause the page layout to be inconsistent, however.

[2]
Kapitel 1.

("F:\ÂäûÂÖ¨ËµÑÊñô\GSI\Report\ÊØï‰∏öËÆ∫ÊñáÊùêÊñô\Disputation - Jbai\PhD-thesis\c
hapters/1Introduction.tex") [3

]
Kapitel 2.

("F:\ÂäûÂÖ¨ËµÑÊñô\GSI\Report\ÊØï‰∏öËÆ∫ÊñáÊùêÊñô\Disputation - Jbai\PhD-thesis\c
hapters/2Background.tex" [4

]

LaTeX Warning: Reference `?' on page 5 undefined on input line 18.


LaTeX Warning: Reference `?' on page 5 undefined on input line 18.


LaTeX Warning: Reference `eq:adiabatic' on page 5 undefined on input line 52.


Package hyperref Warning: Token not allowed in a PDF string (PDFDocEncoding):
(hyperref)                removing `math shift' on input line 60.


Package hyperref Warning: Token not allowed in a PDF string (PDFDocEncoding):
(hyperref)                removing `\phi' on input line 60.


Package hyperref Warning: Token not allowed in a PDF string (PDFDocEncoding):
(hyperref)                removing `subscript' on input line 60.


Package hyperref Warning: Token not allowed in a PDF string (PDFDocEncoding):
(hyperref)                removing `math shift' on input line 60.

[5]

Package hyperref Warning: Token not allowed in a PDF string (PDFDocEncoding):
(hyperref)                removing `math shift' on input line 87.


Package hyperref Warning: Token not allowed in a PDF string (PDFDocEncoding):
(hyperref)                removing `\phi' on input line 87.


Package hyperref Warning: Token not allowed in a PDF string (PDFDocEncoding):
(hyperref)                removing `subscript' on input line 87.


Package hyperref Warning: Token not allowed in a PDF string (PDFDocEncoding):
(hyperref)                removing `math shift' on input line 87.


Package hyperref Warning: Token not allowed in a PDF string (PDFDocEncoding):
(hyperref)                removing `math shift' on input line 96.


Package hyperref Warning: Token not allowed in a PDF string (PDFDocEncoding):
(hyperref)                removing `superscript' on input line 96.


Package hyperref Warning: Token not allowed in a PDF string (PDFDocEncoding):
(hyperref)                removing `math shift' on input line 96.

[6]
Overfull \hbox (11.67946pt too wide) in alignment at lines 116--120
 [][][] []
 []


Overfull \hbox (15.43852pt too wide) in alignment at lines 128--136
 [][][] []
 []

<images/phase_shift.jpg, id=387, 1372.12625pt x 653.44125pt>
File: images/phase_shift.jpg Graphic file (type jpg)

<use images/phase_shift.jpg>
Package pdftex.def Info: images/phase_shift.jpg used on input line 144.
(pdftex.def)             Requested size: 455.24408pt x 216.80284pt.

Overfull \hbox (28.45274pt too wide) in paragraph at lines 144--145
 [][] 
 []

<images/phase_shift2.jpg, id=389, 1372.12625pt x 653.44125pt>
File: images/phase_shift2.jpg Graphic file (type jpg)

<use images/phase_shift2.jpg>
Package pdftex.def Info: images/phase_shift2.jpg used on input line 151.
(pdftex.def)             Requested size: 455.24408pt x 216.80284pt.

Overfull \hbox (28.45274pt too wide) in paragraph at lines 151--152
 [][] 
 []


LaTeX Warning: Citation `SIS18' on page 7 undefined on input line 174.

[7] [8 <F:/ÂäûÂÖ¨ËµÑÊñô/GSI/Report/ÊØï‰∏öËÆ∫ÊñáÊùêÊñô/Disputation - Jbai/PhD-th
esis/images/phase_shift.jpg> <F:/ÂäûÂÖ¨ËµÑÊñô/GSI/Report/ÊØï‰∏öËÆ∫ÊñáÊùêÊñô/Dis
putation - Jbai/PhD-thesis/images/phase_shift2.jpg>]

LaTeX Warning: Citation `SIS18_man' on page 9 undefined on input line 177.


LaTeX Warning: Citation `J-PARC' on page 9 undefined on input line 183.


LaTeX Warning: Citation `SIS18_man' on page 9 undefined on input line 212.

[9]
Overfull \hbox (10.82245pt too wide) in paragraph at lines 234--234
 |[]\OT1/cmr/bx/n/17.28 Prerequisites/boundary con-di-ti-ons for the B2B
 []

)

Package Fancyhdr Warning: \headheight is too small (14.49998pt): 
 Make it at least 27.85004pt.
 We now make it that large for the rest of the document.
 This may cause the page layout to be inconsistent, however.

[10]
Kapitel 3.

("F:\ÂäûÂÖ¨ËµÑÊñô\GSI\Report\ÊØï‰∏öËÆ∫ÊñáÊùêÊñô\Disputation - Jbai\PhD-thesis\c
hapters/3Firstconcept.tex") [11

]
Kapitel 4.

("F:\ÂäûÂÖ¨ËµÑÊñô\GSI\Report\ÊØï‰∏öËÆ∫ÊñáÊùêÊñô\Disputation - Jbai\PhD-thesis\c
hapters/4Concept.tex") [12

]
Kapitel 5.

("F:\ÂäûÂÖ¨ËµÑÊñô\GSI\Report\ÊØï‰∏öËÆ∫ÊñáÊùêÊñô\Disputation - Jbai\PhD-thesis\c
hapters/5Realization.tex"

Package hyperref Warning: Token not allowed in a PDF string (PDFDocEncoding):
(hyperref)                removing `math shift' on input line 1.


Package hyperref Warning: Token not allowed in a PDF string (PDFDocEncoding):
(hyperref)                removing `superscript' on input line 1.


Package hyperref Warning: Token not allowed in a PDF string (PDFDocEncoding):
(hyperref)                removing `math shift' on input line 1.


LaTeX Warning: Reference `4cases' on page 13 undefined on input line 10.


Underfull \vbox (badness 1348) has occurred while \output is active []

 [13

]
<images/4case.png, id=449, 1029.09468pt x 490.08093pt>
File: images/4case.png Graphic file (type png)
 <use images/4case.png>
Package pdftex.def Info: images/4case.png used on input line 54.
(pdftex.def)             Requested size: 455.24408pt x 216.80284pt.

Overfull \hbox (28.45274pt too wide) in paragraph at lines 54--55
 [][] 
 []

<images/1st_derivation.png, id=451, 1029.09468pt x 490.08093pt>
File: images/1st_derivation.png Graphic file (type png)

<use images/1st_derivation.png>
Package pdftex.def Info: images/1st_derivation.png used on input line 61.
(pdftex.def)             Requested size: 455.24408pt x 216.80284pt.

Overfull \hbox (28.45274pt too wide) in paragraph at lines 61--62
 [][] 
 []


Package hyperref Warning: Difference (2) between bookmark levels is greater 
(hyperref)                than one, level fixed on input line 66.

LaTeX Font Info:    Try loading font information for OMS+cmr on input line 68.
("D:\Program Files\MiKTeX 2.9\tex\latex\base\omscmr.fd"
File: omscmr.fd 1999/05/25 v2.5h Standard LaTeX font definitions
)
LaTeX Font Info:    Font shape `OMS/cmr/m/n' in size <12> not available
(Font)              Font shape `OMS/cmsy/m/n' tried instead on input line 68.


LaTeX Warning: Reference `radial&moment' on page 14 undefined on input line 70.



LaTeX Warning: Reference `radial&moment' on page 14 undefined on input line 70.


<images/Radial.png, id=455, 1029.09468pt x 490.08093pt>
File: images/Radial.png Graphic file (type png)

<use images/Radial.png>
Package pdftex.def Info: images/Radial.png used on input line 73.
(pdftex.def)             Requested size: 455.24408pt x 216.80284pt.

Overfull \hbox (28.45274pt too wide) in paragraph at lines 73--74
 [][] 
 []

<images/moment.png, id=457, 1029.09468pt x 490.08093pt>
File: images/moment.png Graphic file (type png)

<use images/moment.png>
Package pdftex.def Info: images/moment.png used on input line 79.
(pdftex.def)             Requested size: 455.24408pt x 216.80284pt.

Overfull \hbox (28.45274pt too wide) in paragraph at lines 79--80
 [][] 
 []

[14 <F:/ÂäûÂÖ¨ËµÑÊñô/GSI/Report/ÊØï‰∏öËÆ∫ÊñáÊùêÊñô/Disputation - Jbai/PhD-thesi
s/images/4case.png (PNG copy)>]

LaTeX Warning: Reference `?' on page 15 undefined on input line 86.

<images/synch_phase.png, id=470, 1029.09468pt x 490.08093pt>
File: images/synch_phase.png Graphic file (type png)

<use images/synch_phase.png>
Package pdftex.def Info: images/synch_phase.png used on input line 89.
(pdftex.def)             Requested size: 455.24408pt x 216.80284pt.

Overfull \hbox (28.45274pt too wide) in paragraph at lines 89--90
 [][] 
 []

[15 <F:/ÂäûÂÖ¨ËµÑÊñô/GSI/Report/ÊØï‰∏öËÆ∫ÊñáÊùêÊñô/Disputation - Jbai/PhD-thesi
s/images/1st_derivation.png (PNG copy)> <F:/ÂäûÂÖ¨ËµÑÊñô/GSI/Report/ÊØï‰∏öËÆ∫Êñ
áÊùêÊñô/Disputation - Jbai/PhD-thesis/images/Radial.png (PNG copy)>]
<images/bucket_size.png, id=482, 1029.09468pt x 490.08093pt>
File: images/bucket_size.png Graphic file (type png)

<use images/bucket_size.png>
Package pdftex.def Info: images/bucket_size.png used on input line 102.
(pdftex.def)             Requested size: 455.24408pt x 216.80284pt.

Overfull \hbox (28.45274pt too wide) in paragraph at lines 102--103
 [][] 
 []


Underfull \vbox (badness 10000) has occurred while \output is active []

 [16 <F:/ÂäûÂÖ¨ËµÑÊñô/GSI/Report/ÊØï‰∏öËÆ∫ÊñáÊùêÊñô/Disputation - Jbai/PhD-thes
is/images/moment.png (PNG copy)> <F:/ÂäûÂÖ¨ËµÑÊñô/GSI/Report/ÊØï‰∏öËÆ∫ÊñáÊùêÊñô
/Disputation - Jbai/PhD-thesis/images/synch_phase.png (PNG copy)>]
<images/Calculation_symble.jpg, id=494, 796.9775pt x 519.9425pt>
File: images/Calculation_symble.jpg Graphic file (type jpg)

<use images/Calculation_symble.jpg>
Package pdftex.def Info: images/Calculation_symble.jpg used on input line 120.
(pdftex.def)             Requested size: 455.24408pt x 296.99707pt.

Overfull \hbox (28.45274pt too wide) in paragraph at lines 120--121
 [][] 
 []

[17 <F:/ÂäûÂÖ¨ËµÑÊñô/GSI/Report/ÊØï‰∏öËÆ∫ÊñáÊùêÊñô/Disputation - Jbai/PhD-thesi
s/images/bucket_size.png (PNG copy)>] [18 <F:/ÂäûÂÖ¨ËµÑÊñô/GSI/Report/ÊØï‰∏öËÆ∫
ÊñáÊùêÊñô/Disputation - Jbai/PhD-thesis/images/Calculation_symble.jpg>]
<images/phase_shift_synch_window_cal.jpg, id=518, 1593.955pt x 1543.7675pt>
File: images/phase_shift_synch_window_cal.jpg Graphic file (type jpg)

<use images/phase_shift_synch_window_cal.jpg>
Package pdftex.def Info: images/phase_shift_synch_window_cal.jpg used on input 
line 155.
(pdftex.def)             Requested size: 369.88582pt x 358.2391pt.
 [19 <F:/ÂäûÂÖ¨ËµÑÊñô/GSI/Report/ÊØï‰∏öËÆ∫ÊñáÊùêÊñô/Disputation - Jbai/PhD-thes
is/images/phase_shift_synch_window_cal.jpg>] [20]
<images/frequency_beating_synch_window_cal.jpg, id=556, 796.9775pt x 671.50874p
t>
File: images/frequency_beating_synch_window_cal.jpg Graphic file (type jpg)
 <use images/frequency_beating_synch_window_cal.jpg>
Package pdftex.def Info: images/frequency_beating_synch_window_cal.jpg used on 
input line 235.
(pdftex.def)             Requested size: 256.0748pt x 215.75813pt.
 [21 <F:/ÂäûÂÖ¨ËµÑÊñô/GSI/Report/ÊØï‰∏öËÆ∫ÊñáÊùêÊñô/Disputation - Jbai/PhD-thes
is/images/frequency_beating_synch_window_cal.jpg>]
Overfull \hbox (27.0594pt too wide) detected at line 277
[] []
 []


LaTeX Warning: Command \textendash invalid in math mode on input line 278.

[22] <images/network_setup.jpg, id=584, 1127.21124pt x 569.12625pt>
File: images/network_setup.jpg Graphic file (type jpg)

<use images/network_setup.jpg>
Package pdftex.def Info: images/network_setup.jpg used on input line 300.
(pdftex.def)             Requested size: 455.24408pt x 229.85223pt.

Overfull \hbox (28.45274pt too wide) in paragraph at lines 300--301
 [][] 
 []


LaTeX Warning: No positions in optional float specifier.
               Default added (so using `tbp') on input line 306.


Overfull \hbox (107.47893pt too wide) in paragraph at lines 311--320
 [] 
 []

[23] [24 <F:/ÂäûÂÖ¨ËµÑÊñô/GSI/Report/ÊØï‰∏öËÆ∫ÊñáÊùêÊñô/Disputation - Jbai/PhD-
thesis/images/network_setup.jpg>]
<images/kicker.jpg, id=599, 980.91469pt x 854.44218pt>
File: images/kicker.jpg Graphic file (type jpg)
 <use images/kicker.jpg>
Package pdftex.def Info: images/kicker.jpg used on input line 343.
(pdftex.def)             Requested size: 455.24408pt x 396.54228pt.

Overfull \hbox (28.45274pt too wide) in paragraph at lines 343--344
 [][] 
 []


LaTeX Warning: No positions in optional float specifier.
               Default added (so using `tbp') on input line 349.

[25] <images/kicker_SIS100.jpg, id=612, 751.30687pt x 406.51875pt>
File: images/kicker_SIS100.jpg Graphic file (type jpg)

<use images/kicker_SIS100.jpg>
Package pdftex.def Info: images/kicker_SIS100.jpg used on input line 369.
(pdftex.def)             Requested size: 455.24408pt x 246.32608pt.

Overfull \hbox (28.45274pt too wide) in paragraph at lines 369--370
 [][] 
 []


LaTeX Warning: No positions in optional float specifier.
               Default added (so using `tbp') on input line 374.


Underfull \vbox (badness 10000) has occurred while \output is active []

 [26 <F:/ÂäûÂÖ¨ËµÑÊñô/GSI/Report/ÊØï‰∏öËÆ∫ÊñáÊùêÊñô/Disputation - Jbai/PhD-thes
is/images/kicker.jpg>] [27 <F:/ÂäûÂÖ¨ËµÑÊñô/GSI/Report/ÊØï‰∏öËÆ∫ÊñáÊùêÊñô/Dispu
tation - Jbai/PhD-thesis/images/kicker_SIS100.jpg>]
<images/schematic_setup.jpg, id=626, 1059.96pt x 819.06pt>
File: images/schematic_setup.jpg Graphic file (type jpg)

<use images/schematic_setup.jpg>
Package pdftex.def Info: images/schematic_setup.jpg used on input line 406.
(pdftex.def)             Requested size: 455.24408pt x 351.7765pt.

Overfull \hbox (28.45274pt too wide) in paragraph at lines 406--407
 [][] 
 []

<images/testsetup_text.jpg, id=629, 7612.44pt x 4079.24pt>
File: images/testsetup_text.jpg Graphic file (type jpg)

<use images/testsetup_text.jpg>
Package pdftex.def Info: images/testsetup_text.jpg used on input line 415.
(pdftex.def)             Requested size: 455.24408pt x 243.93466pt.

Overfull \hbox (28.45274pt too wide) in paragraph at lines 415--416
 [][] 
 []

<images/flow_chart.jpg, id=632, 2086.79625pt x 982.67125pt>
File: images/flow_chart.jpg Graphic file (type jpg)

<use images/flow_chart.jpg>
Package pdftex.def Info: images/flow_chart.jpg used on input line 424.
(pdftex.def)             Requested size: 455.24408pt x 214.37402pt.

Overfull \hbox (28.45274pt too wide) in paragraph at lines 424--425
 [][] 
 []

[28 <F:/ÂäûÂÖ¨ËµÑÊñô/GSI/Report/ÊØï‰∏öËÆ∫ÊñáÊùêÊñô/Disputation - Jbai/PhD-thesi
s/images/schematic_setup.jpg>]
<images/test_result.png, id=643, 1190.94937pt x 492.33937pt>
File: images/test_result.png Graphic file (type png)

<use images/test_result.png>
Package pdftex.def Info: images/test_result.png used on input line 435.
(pdftex.def)             Requested size: 455.24408pt x 188.19522pt.

Overfull \hbox (28.45274pt too wide) in paragraph at lines 435--436
 [][] 
 []

<images/SCU_intern.jpg, id=648, 697.10437pt x 478.03593pt>
File: images/SCU_intern.jpg Graphic file (type jpg)

<use images/SCU_intern.jpg>
Package pdftex.def Info: images/SCU_intern.jpg used on input line 444.
(pdftex.def)             Requested size: 455.24408pt x 312.17851pt.

Overfull \hbox (28.45274pt too wide) in paragraph at lines 444--445
 [][] 
 []

[29 <F:/ÂäûÂÖ¨ËµÑÊñô/GSI/Report/ÊØï‰∏öËÆ∫ÊñáÊùêÊñô/Disputation - Jbai/PhD-thesi
s/images/testsetup_text.jpg> <F:/ÂäûÂÖ¨ËµÑÊñô/GSI/Report/ÊØï‰∏öËÆ∫ÊñáÊùêÊñô/Dis
putation - Jbai/PhD-thesis/images/flow_chart.jpg>]) [30 <F:/ÂäûÂÖ¨ËµÑÊñô/GSI/Re
port/ÊØï‰∏öËÆ∫ÊñáÊùêÊñô/Disputation - Jbai/PhD-thesis/images/test_result.png>]
[31 <F:/ÂäûÂÖ¨ËµÑÊñô/GSI/Report/ÊØï‰∏öËÆ∫ÊñáÊùêÊñô/Disputation - Jbai/PhD-thesi
s/images/SCU_intern.jpg>]
Kapitel 6.

("F:\ÂäûÂÖ¨ËµÑÊñô\GSI\Report\ÊØï‰∏öËÆ∫ÊñáÊùêÊñô\Disputation - Jbai\PhD-thesis\c
hapters/6Existing.tex") [32

]
Kapitel 7.

("F:\ÂäûÂÖ¨ËµÑÊñô\GSI\Report\ÊØï‰∏öËÆ∫ÊñáÊùêÊñô\Disputation - Jbai\PhD-thesis\c
hapters/7SummaryAusblick.tex") [33

]
Kapitel 8.

("F:\ÂäûÂÖ¨ËµÑÊñô\GSI\Report\ÊØï‰∏öËÆ∫ÊñáÊùêÊñô\Disputation - Jbai\PhD-thesis\c
hapters/8Acknowledgement.tex") [34

]
Kapitel 9.

("F:\ÂäûÂÖ¨ËµÑÊñô\GSI\Report\ÊØï‰∏öËÆ∫ÊñáÊùêÊñô\Disputation - Jbai\PhD-thesis\c
hapters/References.tex") [35

]
Anhang A.

("F:\ÂäûÂÖ¨ËµÑÊñô\GSI\Report\ÊØï‰∏öËÆ∫ÊñáÊùêÊñô\Disputation - Jbai\PhD-thesis\c
hapters/appendix.tex") [36

]
Anhang B.

("F:\ÂäûÂÖ¨ËµÑÊñô\GSI\Report\ÊØï‰∏öËÆ∫ÊñáÊùêÊñô\Disputation - Jbai\PhD-thesis\c
hapters/appendixB.tex") [37

]
Anhang C.

("F:\ÂäûÂÖ¨ËµÑÊñô\GSI\Report\ÊØï‰∏öËÆ∫ÊñáÊùêÊñô\Disputation - Jbai\PhD-thesis\c
hapters/appendixC.tex")
Package atveryend Info: Empty hook `BeforeClearDocument' on input line 86.
 [38

]
Package atveryend Info: Empty hook `AfterLastShipout' on input line 86.

("F:\ÂäûÂÖ¨ËµÑÊñô\GSI\Report\ÊØï‰∏öËÆ∫ÊñáÊùêÊñô\Disputation - Jbai\PhD-thesis\m
ain.aux")
Package atveryend Info: Executing hook `AtVeryEndDocument' on input line 86.
Package atveryend Info: Executing hook `AtEndAfterFileList' on input line 86.
Package rerunfilecheck Info: File `main.out' has not changed.
(rerunfilecheck)             Checksum: 6EF8D9A8264884F343CF03D696AD7914;5445.


LaTeX Warning: There were undefined references.


LaTeX Warning: There were multiply-defined labels.

Package atveryend Info: Empty hook `AtVeryVeryEnd' on input line 86.
 ) 
Here is how much of TeX's memory you used:
 7235 strings out of 493921
 106040 string characters out of 3147279
 203518 words of memory out of 3000000
 10220 multiletter control sequences out of 15000+200000
 10365 words of font info for 37 fonts, out of 3000000 for 9000
 841 hyphenation exceptions out of 8191
 29i,15n,43p,1426b,502s stack positions out of 5000i,500n,10000p,200000b,50000s
<D:/Program Files/MiKTeX 2.9/fonts/type1/public/amsfonts/cm/cmbx12.pfb><D:/Pr
ogram Files/MiKTeX 2.9/fonts/type1/public/amsfonts/cm/cmex10.pfb><D:/Program Fi
les/MiKTeX 2.9/fonts/type1/public/amsfonts/cm/cmmi12.pfb><D:/Program Files/MiKT
eX 2.9/fonts/type1/public/amsfonts/cm/cmmi6.pfb><D:/Program Files/MiKTeX 2.9/fo
nts/type1/public/amsfonts/cm/cmmi8.pfb><D:/Program Files/MiKTeX 2.9/fonts/type1
/public/amsfonts/cm/cmr12.pfb><D:/Program Files/MiKTeX 2.9/fonts/type1/public/a
msfonts/cm/cmr6.pfb><D:/Program Files/MiKTeX 2.9/fonts/type1/public/amsfonts/cm
/cmr8.pfb><D:/Program Files/MiKTeX 2.9/fonts/type1/public/amsfonts/cm/cmsl12.pf
b><D:/Program Files/MiKTeX 2.9/fonts/type1/public/amsfonts/cm/cmsy10.pfb><D:/Pr
ogram Files/MiKTeX 2.9/fonts/type1/public/amsfonts/cm/cmsy6.pfb><D:/Program Fil
es/MiKTeX 2.9/fonts/type1/public/amsfonts/cm/cmsy8.pfb>
Output written on main.pdf (38 pages, 7015701 bytes).
PDF statistics:
 781 PDF objects out of 1000 (max. 8388607)
 183 named destinations out of 1000 (max. 500000)
 706 words of extra memory for PDF output out of 10000 (max. 10000000)

