\BOOKMARK [0][-]{chapter*.2}{Abstract}{}% 1
\BOOKMARK [0][-]{chapter.1}{Introduction}{}% 2
\BOOKMARK [1][-]{section.1.1}{Objectives, Contribution and Structure of the Dissertation}{chapter.1}% 3
\BOOKMARK [0][-]{chapter.2}{Theoretical background}{}% 4
\BOOKMARK [1][-]{section.2.1}{Bunch and bucket}{chapter.2}% 5
\BOOKMARK [1][-]{section.2.2}{Energy match, voltage match and phase match}{chapter.2}% 6
\BOOKMARK [2][-]{subsection.2.2.1}{Circumference ratio is an integer}{section.2.2}% 7
\BOOKMARK [2][-]{subsection.2.2.2}{Circumference ratio is close to an integer}{section.2.2}% 8
\BOOKMARK [2][-]{subsection.2.2.3}{Circumference ratio is far away from an integer}{section.2.2}% 9
\BOOKMARK [1][-]{section.2.3}{Phase alignment of two rf systems}{chapter.2}% 10
\BOOKMARK [2][-]{subsection.2.3.1}{Phase shift method}{section.2.3}% 11
\BOOKMARK [2][-]{subsection.2.3.2}{Frequency beating method}{section.2.3}% 12
\BOOKMARK [1][-]{section.2.4}{Synchronization of extraction and injection kicker magnets}{chapter.2}% 13
\BOOKMARK [0][-]{chapter.3}{Technical basis for the B2B transfer system}{}% 14
\BOOKMARK [1][-]{section.3.1}{FAIR control system}{chapter.3}% 15
\BOOKMARK [2][-]{subsection.3.1.1}{BuTiS}{section.3.1}% 16
\BOOKMARK [2][-]{subsection.3.1.2}{GMT}{section.3.1}% 17
\BOOKMARK [2][-]{subsection.3.1.3}{Settings Management}{section.3.1}% 18
\BOOKMARK [2][-]{subsection.3.1.4}{FESA}{section.3.1}% 19
\BOOKMARK [1][-]{section.3.2}{LLRF system}{chapter.3}% 20
\BOOKMARK [1][-]{section.3.3}{MPS system}{chapter.3}% 21
\BOOKMARK [1][-]{section.3.4}{Comparison between the FAIR B2B transfer system and the B2B transfer with the GSI control system}{chapter.3}% 22
\BOOKMARK [0][-]{chapter.4}{Concept of the FAIR B2B transfer system}{}% 23
\BOOKMARK [1][-]{section.4.1}{Basic idea of the FAIR B2B transfer system}{chapter.4}% 24
\BOOKMARK [2][-]{subsection.4.1.1}{Phase alignment}{section.4.1}% 25
\BOOKMARK [2][-]{subsection.4.1.2}{Calculation of the trigger time for the extraction and injection kickers}{section.4.1}% 26
\BOOKMARK [1][-]{section.4.2}{Basic procedure of the FAIR B2B transfer system}{chapter.4}% 27
\BOOKMARK [1][-]{section.4.3}{Realization of the FAIR B2B transfer system}{chapter.4}% 28
\BOOKMARK [2][-]{subsection.4.3.1}{Phase measurement and corresponding timestamp of one rf system}{section.4.3}% 29
\BOOKMARK [3][-]{subsubsection.4.3.1.1}{Measurement of actual phase values in one rf system}{subsection.4.3.1}% 30
\BOOKMARK [3][-]{subsubsection.4.3.1.2}{Phase extrapolation in one rf system}{subsection.4.3.1}% 31
\BOOKMARK [3][-]{subsubsection.4.3.1.3}{Timestamp the extrapolated phase}{subsection.4.3.1}% 32
\BOOKMARK [2][-]{subsection.4.3.2}{Exchange of the measured data}{section.4.3}% 33
\BOOKMARK [2][-]{subsection.4.3.3}{Rf synchronization}{section.4.3}% 34
\BOOKMARK [2][-]{subsection.4.3.4}{Coarse synchronization}{section.4.3}% 35
\BOOKMARK [2][-]{subsection.4.3.5}{Bucket label}{section.4.3}% 36
\BOOKMARK [2][-]{subsection.4.3.6}{Fine synchronization of the extraction and injection kicker}{section.4.3}% 37
\BOOKMARK [2][-]{subsection.4.3.7}{B2B transfer status check}{section.4.3}% 38
\BOOKMARK [1][-]{section.4.4}{Data flow of the FAIR B2B transfer system}{chapter.4}% 39
\BOOKMARK [0][-]{chapter.5}{Application of the FAIR B2B transfer system for FAIR accelerators}{}% 40
\BOOKMARK [1][-]{section.5.1}{Circumference ratio is an integer}{chapter.5}% 41
\BOOKMARK [2][-]{subsection.5.1.1}{use case of the U28+ B2B transfer from SIS18 to SIS100}{section.5.1}% 42
\BOOKMARK [2][-]{subsection.5.1.2}{Use case of the H+ B2B transfer from SIS18 to SIS100}{section.5.1}% 43
\BOOKMARK [2][-]{subsection.5.1.3}{Use case of the B2B transfer from ESR to CRYRING}{section.5.1}% 44
\BOOKMARK [1][-]{section.5.2}{Circumference ratio is close to an integer}{chapter.5}% 45
\BOOKMARK [2][-]{subsection.5.2.1}{Use case of h=4 B2B transfer from SIS18 to ESR}{section.5.2}% 46
\BOOKMARK [2][-]{subsection.5.2.2}{Use case of h=1 B2B transfer from SIS18 to ESR}{section.5.2}% 47
\BOOKMARK [1][-]{section.5.3}{Circumference ratio is far away from an integer}{chapter.5}% 48
\BOOKMARK [2][-]{subsection.5.3.1}{Use case of H+ B2B transfer from SIS100 to CR}{section.5.3}% 49
\BOOKMARK [2][-]{subsection.5.3.2}{Use case of RIB B2B transfer from SIS100 to CR}{section.5.3}% 50
\BOOKMARK [2][-]{subsection.5.3.3}{Use case of B2B transfer from CR to HESR}{section.5.3}% 51
\BOOKMARK [2][-]{subsection.5.3.4}{Use case of B2B transfer from SIS18 to ESR via FRS}{section.5.3}% 52
\BOOKMARK [1][-]{section.5.4}{Summary of the synchronization for different scenarios}{chapter.5}% 53
\BOOKMARK [0][-]{chapter.6}{Realization and systematic investigation of the FAIR B2B transfer system}{}% 54
\BOOKMARK [1][-]{section.6.1}{Investigation of two synchronization methods for U28+ B2B transfer from SIS18 to SIS100 from the beam dynamics viewpoint }{chapter.6}% 55
\BOOKMARK [2][-]{subsection.6.1.1}{Phase shift method}{section.6.1}% 56
\BOOKMARK [3][-]{subsubsection.6.1.1.1}{Longitudinal dynamic analysis for the simulation}{subsection.6.1.1}% 57
\BOOKMARK [3][-]{subsubsection.6.1.1.2}{Transverse dynamics analysis for the simulation}{subsection.6.1.1}% 58
\BOOKMARK [2][-]{subsection.6.1.2}{Frequency beating method}{section.6.1}% 59
\BOOKMARK [3][-]{subsubsection.6.1.2.1}{Longitudinal dynamics analysis of the frequency beating for SIS18}{subsection.6.1.2}% 60
\BOOKMARK [1][-]{section.6.2}{GMT systematic investigation for the B2B transfer system}{chapter.6}% 61
\BOOKMARK [2][-]{subsection.6.2.1}{Calculation of the synchronization window}{section.6.2}% 62
\BOOKMARK [3][-]{subsubsection.6.2.1.1}{The best estimate of alignment and the probable range of alignment for the phase shift method}{subsection.6.2.1}% 63
\BOOKMARK [3][-]{subsubsection.6.2.1.2}{The best estimate of alignment and the probable range of alignment for the frequency beating method}{subsection.6.2.1}% 64
\BOOKMARK [3][-]{subsubsection.6.2.1.3}{Calculation the synchronization window and its accuracy}{subsection.6.2.1}% 65
\BOOKMARK [2][-]{subsection.6.2.2}{Characterization of the WR network for the B2B transfer}{section.6.2}% 66
\BOOKMARK [3][-]{subsubsection.6.2.2.1}{WR network test setup}{subsection.6.2.2}% 67
\BOOKMARK [3][-]{subsubsection.6.2.2.2}{Frame loss rate test result for B2B frames}{subsection.6.2.2}% 68
\BOOKMARK [3][-]{subsubsection.6.2.2.3}{Latency and jitter test result for B2B frames}{subsection.6.2.2}% 69
\BOOKMARK [3][-]{subsubsection.6.2.2.4}{Result and conclusion}{subsection.6.2.2}% 70
\BOOKMARK [1][-]{section.6.3}{Kicker systematic investigation for the B2B transfer system}{chapter.6}% 71
\BOOKMARK [2][-]{subsection.6.3.1}{SIS18 extraction kicker units}{section.6.3}% 72
\BOOKMARK [2][-]{subsection.6.3.2}{SIS100 injection kicker units}{section.6.3}% 73
\BOOKMARK [1][-]{section.6.4}{Test setup for the data collection, merging and redistribution of the B2B transfer system}{chapter.6}% 74
\BOOKMARK [2][-]{subsection.6.4.1}{Test functional requirement}{section.6.4}% 75
\BOOKMARK [2][-]{subsection.6.4.2}{Test setup}{section.6.4}% 76
\BOOKMARK [2][-]{subsection.6.4.3}{The firmware of the B2B transfer system}{section.6.4}% 77
\BOOKMARK [2][-]{subsection.6.4.4}{The time constraints of the B2B transfer system}{section.6.4}% 78
\BOOKMARK [2][-]{subsection.6.4.5}{Test result}{section.6.4}% 79
\BOOKMARK [0][-]{chapter.7}{Conclusion and outlook}{}% 80
\BOOKMARK [0][-]{appendix.A}{B2B timing frames}{}% 81
\BOOKMARK [0][-]{appendix.B}{Timing frames transfer for the B2B transfer}{}% 82
\BOOKMARK [0][-]{appendix.C}{Parameters of B2B transfer for FAIR accelerator pairs}{}% 83
\BOOKMARK [1][-]{section.C.1}{Parameters for the B2B transfer from SIS18 to SIS100}{appendix.C}% 84
\BOOKMARK [1][-]{section.C.2}{Parameters for the B2B transfer from SIS18 to ESR}{appendix.C}% 85
\BOOKMARK [1][-]{section.C.3}{Parameters for the B2B transfer from SIS18 to ESR via FRS}{appendix.C}% 86
\BOOKMARK [1][-]{section.C.4}{Parameters for the B2B transfer from ESR to CRYRING}{appendix.C}% 87
\BOOKMARK [1][-]{section.C.5}{Parameters for the B2B transfer from CR to HESR}{appendix.C}% 88
\BOOKMARK [1][-]{section.C.6}{Parameters for the B2B transfer from SIS100 to CR}{appendix.C}% 89
\BOOKMARK [0][-]{table.C.6}{Bibliography}{}% 90
\BOOKMARK [0][-]{table.C.6}{Publications}{}% 91
