This is pdfTeX, Version 3.14159265-2.6-1.40.17 (MiKTeX 2.9 64-bit) (preloaded format=pdflatex 2016.8.25)  24 NOV 2016 17:40
entering extended mode
**"F:/办公资料/GSI/Report/毕业论文材料/Disputation - Jbai/PhD-thesis/
chapters/Application.tex"

("F:/办公资料/GSI/Report/毕业论文材料/Disputation - Jbai/PhD-thesis/c
hapters/Application.tex"
LaTeX2e <2016/03/31> patch level 3
Babel <3.9r> and hyphenation patterns for 75 language(s) loaded.

! LaTeX Error: Missing \begin{document}.

See the LaTeX manual or LaTeX Companion for explanation.
Type  H <return>  for immediate help.
 ...                                              
                                                  
l.1 T
     he phase shift must be executed slowly enough to preserve the beam emit...

? 
! Emergency stop.
 ...                                              
                                                  
l.1 T
     he phase shift must be executed slowly enough to preserve the beam emit...

You're in trouble here.  Try typing  <return>  to proceed.
If that doesn't work, type  X <return>  to quit.

 
Here is how much of TeX's memory you used:
 8 strings out of 493334
 497 string characters out of 3139249
 53242 words of memory out of 3000000
 3636 multiletter control sequences out of 15000+200000
 3640 words of font info for 14 fonts, out of 3000000 for 9000
 1141 hyphenation exceptions out of 8191
 5i,0n,4p,614b,14s stack positions out of 5000i,500n,10000p,200000b,50000s
!  ==> Fatal error occurred, no output PDF file produced!
